  p2.cpp
  LINK : D:\UNIVERSITY\CPP\Project1\x64\Debug\Project1.exe not found or not built by the last incremental link; performing full link
p2.obj : error LNK2005: main already defined in p1.obj
D:\UNIVERSITY\CPP\Project1\x64\Debug\Project1.exe : fatal error LNK1169: one or more multiply defined symbols found
